<?xml version="1.0" encoding="UTF-8"?>
<!-- Generated by org.testng.reporters.JUnitReportReporter -->
<testsuite skipped="0" hostname="Sachin" name="com.w2a.maven.AppTest" tests="1" failures="0" timestamp="13 Nov 2019 03:53:16 GMT" time="21.562" errors="0">
  <testcase name="testGoogle" time="21.562" classname="com.w2a.maven.AppTest"/>
</testsuite> <!-- com.w2a.maven.AppTest -->
